android/app/build/outputs/mapping/seeds.txt
com.twt.service.push.model.MailBoxMessage: java.lang.String content
com.twt.service.push.model.MailBoxMessage: java.lang.String component3()
com.twt.service.download.Progress: java.lang.String component7()
com.twt.service.download.DownloadItem: java.lang.String url
com.twt.service.push.model.FeedbackMessage: com.twt.service.push.model.FeedbackMessage copy$default(com.twt.service.push.model.FeedbackMessage,java.lang.String,java.lang.String,int,int,java.lang.Object)
com.twt.service.share.QQShareData: java.lang.String title
com.twt.service.download.Progress: com.twt.service.download.Progress copy(long,java.lang.String,com.twt.service.download.Status,double,java.lang.String,java.lang.String,java.lang.String)
com.twt.service.push.model.FeedbackMessage: java.lang.String component1()
com.twt.service.WBYApplication: WBYApplication()
com.twt.service.location.LocationData: java.lang.String getProvince()
com.twt.service.download.DownloadItem: java.lang.String getTitle()
com.twt.service.location.LocationData: java.lang.String getNation()
com.twt.service.widget.WidgetService: WidgetService()
com.twt.service.common.WBYBaseData: com.twt.service.common.WBYBaseData copy(int,java.lang.String,java.lang.Object)
com.twt.service.location.LocationData: java.lang.String nation
com.twt.service.download.Progress: Progress(long,java.lang.String,com.twt.service.download.Status,double,java.lang.String,java.lang.String,java.lang.String)
com.twt.service.share.QQShareData: java.lang.String component4()
com.twt.service.push.WBYIntentService: WBYIntentService()
com.twt.service.push.model.Event: java.lang.Object getData()
com.twt.service.location.LocationData: LocationData(double,double,java.lang.String,java.lang.String,java.lang.String,java.lang.String,java.lang.String,java.lang.String,long)
com.twt.service.location.LocationData: java.lang.String address
com.twt.service.download.DownloadList: java.util.List component1()
com.twt.service.push.WBYPushService: WBYPushService()
com.twt.service.share.QQShareData: boolean equals(java.lang.Object)
com.twt.service.download.Status: com.twt.service.download.Status[] values()
com.twt.service.download.Progress: java.lang.String getListenerId()
com.twt.service.push.model.FeedbackMessage: int question_id
com.twt.service.download.DownloadList: boolean equals(java.lang.Object)
com.twt.service.download.DownloadItem: DownloadItem(java.lang.String,java.lang.String,boolean,java.lang.String,java.lang.String,java.lang.String,java.lang.String,java.lang.String)
com.twt.service.download.Progress: java.lang.String taskId
com.twt.service.location.LocationData: java.lang.String component4()
com.twt.service.common.WBYBaseData: java.lang.Object getResult()
com.twt.service.push.model.Event: java.lang.String toString()
com.twt.service.WBYApplication
com.twt.service.push.model.MailBoxMessage: java.lang.String title
com.twt.service.location.LocationData: long getTime()
com.twt.service.download.DownloadItem: com.twt.service.download.DownloadItem copy$default(com.twt.service.download.DownloadItem,java.lang.String,java.lang.String,boolean,java.lang.String,java.lang.String,java.lang.String,java.lang.String,java.lang.String,int,java.lang.Object)
com.twt.service.download.DownloadItem: java.lang.String component2()
com.twt.service.share.QQShareData: int getMExtraFlag()
com.twt.service.share.QQShareData: java.lang.String component3()
com.twt.service.push.model.FeedbackMessage: java.lang.String getContent()
com.twt.service.push.model.FeedbackMessage: java.lang.String component2()
com.twt.service.share.QQShareData: int getType()
com.twt.service.share.QQShareData: java.lang.String summary
com.twt.service.common.WBYBaseData: java.lang.String toString()
com.twt.service.widget.ScheduleWidgetProvider: ScheduleWidgetProvider()
com.twt.service.push.model.MailBoxMessage: java.lang.String component1()
com.twt.service.common.WBYBaseData: java.lang.Object component3()
com.twt.service.install.InstallProvider
...
io.flutter.view.FlutterView: void assertAttached()
com.xiaomi.mipush.sdk.MiPushClient$1: java.lang.String val$appID
com.meizu.cloud.pushsdk.notification.model.AppIconSetting$1: java.lang.Object[] newArray(int)
com.igexin.push.e.b.e: long a
androidx.concurrent.futures.AbstractResolvableFuture: androidx.concurrent.futures.AbstractResolvableFuture$Waiter waiters
com.igexin.push.core.b.n: java.lang.String a
com.vivo.push.d.v: android.content.Context a
com.meizu.cloud.pushsdk.d.c.b$a: java.lang.String c(com.meizu.cloud.pushsdk.d.c.b$a)
com.meizu.cloud.pushsdk.NotificationService: java.lang.String a(java.lang.String,java.lang.String)
com.amap.api.fence.GeoFence: void setType(int)
com.huawei.hms.framework.common.NetworkUtil: int getPrimaryNetworkType(android.net.NetworkInfo)
com.xiaomi.push.hm: boolean o()
com.tencent.connect.common.Constants: java.lang.String PARAM_AVATAR_URI
com.xiaomi.push.service.ct: com.xiaomi.push.hh a(android.content.Context,com.xiaomi.push.hh,java.util.Map)
org.chromium.support_lib_boundary.ServiceWorkerClientBoundaryInterface: android.webkit.WebResourceResponse shouldInterceptRequest(android.webkit.WebResourceRequest)
com.xiaomi.push.ha: java.util.BitSet P
com.umeng.commonsdk.statistics.proto.b: java.lang.String b()
com.umeng.analytics.b: org.json.JSONObject l
com.huawei.hms.api.ConnectionResult: int SERVICE_DISABLED
com.meizu.cloud.pushsdk.c.a.c: c(com.meizu.cloud.pushsdk.c.b.a)
com.meizu.cloud.pushsdk.platform.message.PushSwitchStatus: void setSwitchThroughMessage(boolean)
io.flutter.embedding.engine.systemchannels.PlatformChannel: io.flutter.embedding.engine.systemchannels.PlatformChannel$AppSwitcherDescription access$200(io.flutter.embedding.engine.systemchannels.PlatformChannel,org.json.JSONObject)
com.umeng.commonsdk.statistics.idtracking.Envelope: java.lang.String getSignature(android.content.Context)
com.umeng.analytics.pro.cg: void b(byte[],int,int)
com.igexin.assist.control.huawei.ManufacturePushManager: java.lang.String PLUGIN_VERSION
com.huawei.hms.api.Api$ApiOptions$NotRequiredOptions
com.meizu.cloud.pushsdk.handler.a.d.d: com.meizu.cloud.pushsdk.handler.MessageV3 l(android.content.Intent)
com.huawei.updatesdk.service.appmgr.bean.ApkUpgradeInfo$a: java.lang.Object createFromParcel(android.os.Parcel)
com.tencent.connect.share.QQShare$2: com.tencent.tauth.IUiListener d
com.huawei.hms.opendevice.n$a: com.huawei.hms.opendevice.n$a i
com.meizu.cloud.pushsdk.c.a.b$b: com.meizu.cloud.pushsdk.c.a.d a
androidx.camera.lifecycle.LifecycleCameraRepository$LifecycleCameraRepositoryObserver: void onStart(androidx.lifecycle.LifecycleOwner)
com.huawei.hms.base.availableupdate.R: R()
com.umeng.umeng_common_sdk.R$id: int tag_accessibility_heading
com.huawei.hms.ui.SafeIntent: java.io.Serializable getSerializableExtra(java.lang.String)
com.meizu.cloud.pushsdk.notification.model.AdvanceSetting: com.meizu.cloud.pushsdk.notification.model.NotifyType notifyType
com.xiaomi.push.ea: com.xiaomi.push.ea c(int)
com.tencent.connect.auth.a$2: boolean onLongClick(android.view.View)
com.umeng.commonsdk.statistics.common.ULog: void i(java.lang.String,java.lang.Throwable)
com.huawei.hms.common.AccountPicker: java.lang.String EXTRA_ALLOWABLE_ACCOUNT_TYPES_STRING_ARRAY
com.igexin.push.core.a.c.g: android.app.Notification$Builder b(com.igexin.push.core.b.i)
com.umeng.commonsdk.config.b: com.umeng.commonsdk.config.b b()
com.huawei.hms.adapter.BinderAdapter: android.content.Context mContext
io.flutter.plugins.packageinfo.R$id: int tag_accessibility_pane_title
com.huawei.updatesdk.a.a.d.h.a$a
com.xiaomi.mipush.sdk.MiPushClient: void setUserAccount(android.content.Context,java.lang.String,java.lang.String)
com.getui.gtc.entity.Ie: void writeToParcel(android.os.Parcel,int)
com.tencent.open.utils.HttpUtils$1: android.os.Bundle d
com.meizu.cloud.pushsdk.b.d: void a()
com.getui.gtc.dim.c.b$f: void onServiceConnected(android.content.ComponentName,android.os.IBinder)