android/app/build/outputs/mapping/usage.txt
com.twt.service.R$menu
com.twt.service.WBYApplication$Companion:
    public final void setContext(java.lang.ref.WeakReference)
    public final void setEventList(java.util.List)
com.twt.service.MainActivity:
    private final void testFix()
    public static final java.lang.String TAG
com.twt.service.R$attr
com.twt.service.widget.WidgetFactory:
    public final android.content.Context getMContext()
    public final void setMContext(android.content.Context)
    public final java.util.List getCourseList()
    public final void setCourseList(java.util.List)
com.twt.service.R$id
com.twt.service.R$raw
com.twt.service.location.WbyLocationPlugin:
    public static final java.lang.String TAG
    public static final java.lang.String START_LOCATION_ERROR
com.twt.service.push.server.PushCIdWorker:
    public final android.content.Context getContext()
com.twt.service.imageSave.WbyImageSavePlugin:
    public static final java.lang.String TAG
com.twt.service.R$bool
com.twt.service.push.PushBroadCastReceiver$receiveFeedbackReply$2$1
com.twt.service.R$anim
com.twt.service.hot_fix.WbyFixPlugin:
    public static final java.lang.String TAG
    public static final java.lang.String DOWNLOAD_FILE_ERROR
    public static final java.lang.String COPY_FILE_ERROR
    public static final java.lang.String NO_PATH_ERROR
com.twt.service.download.WbyDownloadPlugin:
    private final void clearFontsDownloadFile()
    public static final java.lang.String TAG
    public static final java.lang.String PARSE_ARGUMENT_ERROR
    public static final java.lang.String CONFIG_DOWNLOAD_ERROR
    public static final java.lang.String REGISTER_OBSERVER_ERROR
    public static final java.lang.String ADD_TASKS_ERROR
    public static final java.lang.String REMOVE_REGISTER_ERROR
    public static final java.lang.String DOWNLOAD_ERROR
com.twt.service.push.server.SecurityKt:
    public static final boolean isTrusted(okhttp3.Request)
com.twt.service.install.WbyInstallPlugin:
    public static final java.lang.String TAG
    public static final int REQUEST_PERMISSION
    public static final int INSTALL_APK
    public static final java.lang.String NO_PERMISSION
    public static final java.lang.String INSTALL_APK_ERROR
    public static final java.lang.String NO_PATH_ERROR
com.twt.service.push.model.MessageData
com.twt.service.R$mipmap
com.twt.service.R$styleable
com.twt.service.push.server.SignatureKt
com.twt.service.common.BaseServer:
    public final synthetic java.lang.Object invoke()
com.twt.service.R$drawable
com.twt.service.message.WbyMessagePlugin:
    public static final java.lang.String TAG
com.twt.service.BuildConfig
com.twt.service.R$integer
com.twt.service.widget.ScheduleWidgetProvider:
    public static final synthetic java.text.SimpleDateFormat access$getDateFormat$cp()
com.twt.service.R
com.twt.service.R$color
com.twt.service.push.PushBroadCastReceiver:
    private final void receiveFeedbackReply(java.lang.Object)
    private final void receivePushMessage(java.lang.Object)
    private final void showNotification(com.twt.service.push.model.MessageData)
    private static final void showNotification$send(com.twt.service.push.PushBroadCastReceiver,androidx.core.app.NotificationManagerCompat,int,java.lang.String,java.lang.String,android.content.Intent)
com.twt.service.R$string
com.twt.service.WBYApplication:
    public static final synthetic void access$setContext$cp(java.lang.ref.WeakReference)
    public static final synthetic void access$setEventList$cp(java.util.List)
    public static final java.lang.String TAG
com.twt.service.R$layout
com.twt.service.R$dimen
com.twt.service.widget.ScheduleWidgetProvider$Companion:
    public final java.text.SimpleDateFormat getDateFormat()
com.twt.service.widget.WbyWidgetPlugin:
    public static final java.lang.String TAG
...
kotlinx.coroutines.flow.FlowKt__LimitKt
okhttp3.Credentials:
    public static synthetic java.lang.String basic$default(java.lang.String,java.lang.String,java.nio.charset.Charset,int,java.lang.Object)
    public static final java.lang.String basic(java.lang.String,java.lang.String)
com.google.common.collect.Interners$InternerImpl
com.google.common.collect.Maps$FilteredEntryMap$EntrySet$1
com.google.common.collect.Cut$AboveAll
androidx.core.view.ViewPropertyAnimatorListenerAdapter:
    public void onAnimationEnd(android.view.View)
kotlinx.coroutines.channels.ChannelsKt__DeprecatedKt$takeWhile$1
androidx.core.widget.TintableCheckedTextView
androidx.core.graphics.BlendModeUtils:
    private void <init>()
com.google.common.graph.ImmutableNetwork$1
kotlin.ranges.ComparableRange
com.google.common.collect.MapMakerInternalMap$StrongKeyDummyValueEntry$Helper
androidx.core.content.pm.ShortcutInfoCompat
com.google.common.util.concurrent.UncheckedTimeoutException
androidx.recyclerview.widget.ViewTypeStorage$IsolatedViewTypeStorage$WrapperViewTypeLookup
androidx.core.app.NotificationCompat$Extender
androidx.recyclerview.widget.StaggeredGridLayoutManager$LazySpanLookup:
    private static final int MIN_SIZE
kotlinx.coroutines.channels.ConflatedBroadcastChannel$Companion
kotlin.sequences.SequencesKt___SequencesKt$sorted$1
com.huawei.hmf.tasks.a.j$a:
    public final void onCanceled()
androidx.appcompat.widget.ActivityChooserView$ActivityChooserViewAdapter
kotlin.UnsafeVariance
com.google.common.util.concurrent.AbstractIdleService$DelegateService$1
androidx.core.graphics.BitmapKt
androidx.room.OnConflictStrategy
com.google.common.base.Equivalence$EquivalentToPredicate
androidx.slidingpanelayout.widget.SlidingPaneLayout$AccessibilityDelegate
kotlin.collections.MutableMapWithDefaultImpl
androidx.appcompat.R$attr:
    private void <init>()
    public static final int actionBarDivider
    public static final int actionBarItemBackground
    public static final int actionBarSplitStyle
    public static final int actionBarTabBarStyle
    public static final int actionButtonStyle
    public static final int actionLayout
    public static final int actionMenuTextAppearance
    public static final int actionMenuTextColor
    public static final int actionModeBackground
    public static final int actionModeCloseButtonStyle
    public static final int actionModeCloseContentDescription
    public static final int actionModeCloseDrawable
    public static final int actionModeCopyDrawable
    public static final int actionModeCutDrawable
    public static final int actionModeFindDrawable
    public static final int actionModePasteDrawable
    public static final int actionModeSelectAllDrawable
    public static final int actionModeShareDrawable
    public static final int actionModeSplitBackground
    public static final int actionModeTheme
    public static final int actionModeWebSearchDrawable
    public static final int actionProviderClass
    public static final int actionViewClass
    public static final int activityChooserViewStyle
    public static final int alertDialogButtonGroupStyle
    public static final int allowStacking
    public static final int alpha
    public static final int alphabeticModifiers
    public static final int arrowHeadLength
org.intellij.lang.annotations.JdkConstants$FontStyle